The MPI test test_mpi for CXX in mode normal failed to compile with the following output:
Change Dir: /nfs/bartesaghilab/sh696/susan_tutorial/bin/CMakeFiles/CMakeTmp

Run Build Command(s):/usr/bin/gmake cmTC_1cc14/fast && /usr/bin/gmake  -f CMakeFiles/cmTC_1cc14.dir/build.make CMakeFiles/cmTC_1cc14.dir/build
gmake[1]: Entering directory '/nfs/bartesaghilab/sh696/susan_tutorial/bin/CMakeFiles/CMakeTmp'
Building CXX object CMakeFiles/cmTC_1cc14.dir/test_mpi.cpp.o
/usr/bin/c++    -o CMakeFiles/cmTC_1cc14.dir/test_mpi.cpp.o -c /nfs/bartesaghilab/sh696/susan_tutorial/bin/CMakeFiles/FindMPI/test_mpi.cpp
/nfs/bartesaghilab/sh696/susan_tutorial/bin/CMakeFiles/FindMPI/test_mpi.cpp:1:10: fatal error: mpi.h: No such file or directory
 #include <mpi.h>
          ^~~~~~~
compilation terminated.
gmake[1]: *** [CMakeFiles/cmTC_1cc14.dir/build.make:85: CMakeFiles/cmTC_1cc14.dir/test_mpi.cpp.o] Error 1
gmake[1]: Leaving directory '/nfs/bartesaghilab/sh696/susan_tutorial/bin/CMakeFiles/CMakeTmp'
gmake: *** [Makefile:140: cmTC_1cc14/fast] Error 2



The MPI test test_mpi for CXX in mode normal failed to compile with the following output:
Change Dir: /nfs/bartesaghilab/sh696/susan_tutorial/bin/CMakeFiles/CMakeTmp

Run Build Command(s):/usr/bin/gmake cmTC_8fd39/fast && /usr/bin/gmake  -f CMakeFiles/cmTC_8fd39.dir/build.make CMakeFiles/cmTC_8fd39.dir/build
gmake[1]: Entering directory '/nfs/bartesaghilab/sh696/susan_tutorial/bin/CMakeFiles/CMakeTmp'
Building CXX object CMakeFiles/cmTC_8fd39.dir/test_mpi.cpp.o
/usr/bin/c++    -o CMakeFiles/cmTC_8fd39.dir/test_mpi.cpp.o -c /nfs/bartesaghilab/sh696/susan_tutorial/bin/CMakeFiles/FindMPI/test_mpi.cpp
/nfs/bartesaghilab/sh696/susan_tutorial/bin/CMakeFiles/FindMPI/test_mpi.cpp:1:10: fatal error: mpi.h: No such file or directory
 #include <mpi.h>
          ^~~~~~~
compilation terminated.
gmake[1]: *** [CMakeFiles/cmTC_8fd39.dir/build.make:85: CMakeFiles/cmTC_8fd39.dir/test_mpi.cpp.o] Error 1
gmake[1]: Leaving directory '/nfs/bartesaghilab/sh696/susan_tutorial/bin/CMakeFiles/CMakeTmp'
gmake: *** [Makefile:140: cmTC_8fd39/fast] Error 2



